<?xml version="1.0" encoding="UTF-8"?>
<coverage generated="1538660618215" clover="3.2.0">
  <project timestamp="1538660618215" name="All files">
    <metrics statements="9" coveredstatements="9" conditionals="2" coveredconditionals="2" methods="0" coveredmethods="0" elements="11" coveredelements="11" complexity="0" loc="9" ncloc="9" packages="1" files="1" classes="1">
      <file name="app.js" path="/Users/njons/FAC14/Project/OSCEBossKey/OSCEBossKey/src/app.js">
        <metrics statements="9" coveredstatements="9" conditionals="2" coveredconditionals="2" methods="0" coveredmethods="0"/>
        <line num="1" count="1" type="stmt"/>
        <line num="2" count="1" type="stmt"/>
        <line num="3" count="1" type="stmt"/>
        <line num="5" count="1" type="stmt"/>
        <line num="6" count="1" type="cond" truecount="2" falsecount="0"/>
        <line num="8" count="1" type="stmt"/>
        <line num="9" count="1" type="stmt"/>
        <line num="10" count="1" type="stmt"/>
        <line num="12" count="1" type="stmt"/>
      </file>
    </metrics>
  </project>
</coverage>
